        Preparing the environment for use of requested stage ( 2020 ).
     

Due to MODULEPATH changes, the following have been reloaded:
  1) zlib/.1.2.11

The following have been reloaded with a version change:
  1) Stages/2022 => Stages/2020


Due to MODULEPATH changes, the following have been reloaded:
  1) zlib/.1.2.11

Lmod has detected the following error: The following module(s) are unknown:
"GCCcore/.11.2.0"

Please check the spelling or version number. Also try "module spider ..."
It is also possible your cache file is out-of-date; it may help to try:
  $ module --ignore-cache load "GCCcore/.11.2.0"

Also make sure that all modulefiles written in TCL start with the string
#%Module



Lmod has detected the following error: These module(s) exist but cannot be
loaded as requested: "matplotlib/3.4.3"
   Try: "module spider matplotlib/3.4.3" to see how to load the module(s).



Lmod has detected the following error: These module(s) exist but cannot be
loaded as requested: "tqdm/4.62.3"
   Try: "module spider tqdm/4.62.3" to see how to load the module(s).



Traceback (most recent call last):
  File "mpi.py", line 2, in <module>
Traceback (most recent call last):
  File "mpi.py", line 2, in <module>
Traceback (most recent call last):
  File "mpi.py", line 2, in <module>
Traceback (most recent call last):
  File "mpi.py", line 2, in <module>
Traceback (most recent call last):
  File "mpi.py", line 2, in <module>
Traceback (most recent call last):
  File "mpi.py", line 2, in <module>
Traceback (most recent call last):
  File "mpi.py", line 2, in <module>
Traceback (most recent call last):
  File "mpi.py", line 2, in <module>
    import matplotlib.pyplot as plt
ModuleNotFoundError: No module named 'matplotlib'
    import matplotlib.pyplot as plt
    import matplotlib.pyplot as plt
    import matplotlib.pyplot as plt
ModuleNotFoundError: No module named 'matplotlib'
ModuleNotFoundError: No module named 'matplotlib'
ModuleNotFoundError: No module named 'matplotlib'
    import matplotlib.pyplot as plt
    import matplotlib.pyplot as plt
    import matplotlib.pyplot as plt
ModuleNotFoundError: No module named 'matplotlib'
ModuleNotFoundError: No module named 'matplotlib'
ModuleNotFoundError: No module named 'matplotlib'
    import matplotlib.pyplot as plt
ModuleNotFoundError: No module named 'matplotlib'
srun: error: dp-cn01: tasks 1-2,4-5: Terminated
srun: error: dp-cn01: tasks 0,3,6-7: Exited with exit code 1
srun: Force Terminated StepId=344131.0
