Lmod has detected the following error: The following module(s) are unknown:
"mpi"

Please check the spelling or version number. Also try "module spider ..."
It is also possible your cache file is out-of-date; it may help to try:
  $ module --ignore-cache load "mpi"

Also make sure that all modulefiles written in TCL start with the string
#%Module



Traceback (most recent call last):
  File "/p/home/jusers/lam1/deep/proj/mpi.py", line 5, in <module>
Traceback (most recent call last):
  File "/p/home/jusers/lam1/deep/proj/mpi.py", line 5, in <module>
Traceback (most recent call last):
  File "/p/home/jusers/lam1/deep/proj/mpi.py", line 5, in <module>
Traceback (most recent call last):
  File "/p/home/jusers/lam1/deep/proj/mpi.py", line 5, in <module>
Traceback (most recent call last):
  File "/p/home/jusers/lam1/deep/proj/mpi.py", line 5, in <module>
Traceback (most recent call last):
  File "/p/home/jusers/lam1/deep/proj/mpi.py", line 5, in <module>
Traceback (most recent call last):
  File "/p/home/jusers/lam1/deep/proj/mpi.py", line 5, in <module>
Traceback (most recent call last):
  File "/p/home/jusers/lam1/deep/proj/mpi.py", line 5, in <module>
    from mpi4py import MPI
ModuleNotFoundError: No module named 'mpi4py'
    from mpi4py import MPI
ModuleNotFoundError: No module named 'mpi4py'
    from mpi4py import MPI
ModuleNotFoundError: No module named 'mpi4py'
    from mpi4py import MPI
ModuleNotFoundError: No module named 'mpi4py'
    from mpi4py import MPI
ModuleNotFoundError: No module named 'mpi4py'
    from mpi4py import MPI
ModuleNotFoundError: No module named 'mpi4py'
    from mpi4py import MPI
ModuleNotFoundError: No module named 'mpi4py'
    from mpi4py import MPI
ModuleNotFoundError: No module named 'mpi4py'
srun: error: dp-cn01: tasks 0-7: Exited with exit code 1
